Data loaded:
  Doctors: 3900
  Hospitals: 905
  Herbs: 1568
  Therapies: 156
  Yoga asanas/techniques: 200
  Health conditions: 51
  Appointments: 3000
  Health tracker entries: 5000
  Favorites: 2000
========================================
AYURVEDIC HEALTHCARE DASHBOARD
========================================
Server running at:
  Local:   http://localhost:4500
  Network: http://0.0.0.0:4500

Sections:
  - Find Doctors   (3,900 across India)
  - Hospitals      (905)
  - Herbs          (1,568)
  - Therapies      (156)
  - Yoga & Meditation (200)
  - Health Conditions (51)
========================================
